<?xml version="1.0" encoding="UTF-8"?>
<!-- Generated by org.testng.reporters.JUnitReportReporter -->
<testsuite hostname="DESKTOP-VRBAL0D" failures="0" tests="1" name="basics.XMLParameters" time="8.769" errors="0" timestamp="2023-04-29T15:48:19 IST" skipped="0">
  <testcase classname="basics.XMLParameters" name="validateLogin" time="8.769"/>
  <system-out/>
</testsuite> <!-- basics.XMLParameters -->
