<?xml version="1.0" encoding="UTF-8"?>
<!-- Generated by org.testng.reporters.JUnitReportReporter -->
<testsuite hostname="DESKTOP-VRBAL0D" failures="0" tests="1" name="testcases.TestCasesDemo" time="0.003" errors="0" timestamp="2023-04-29T16:25:29 IST" skipped="0">
  <testcase classname="testcases.TestCasesDemo" name="tc1" time="0.003"/>
  <system-out/>
</testsuite> <!-- testcases.TestCasesDemo -->
