<?xml version="1.0" encoding="UTF-8"?>
<!-- Generated by org.testng.reporters.JUnitReportReporter -->
<testsuite hostname="DESKTOP-VRBAL0D" failures="0" tests="6" name="testcases.DataProviderDemo" time="0.014" errors="0" timestamp="2023-04-13T12:41:01 IST" skipped="0">
  <testcase classname="testcases.DataProviderDemo" name="login" time="0.005"/>
  <system-out/>
  <testcase classname="testcases.DataProviderDemo" name="validateLoginDataUsingExcel" time="0.003"/>
  <system-out/>
  <testcase classname="testcases.DataProviderDemo" name="validateLoginDataUsingExcel" time="0.003"/>
  <system-out/>
  <testcase classname="testcases.DataProviderDemo" name="login" time="0.001"/>
  <system-out/>
  <testcase classname="testcases.DataProviderDemo" name="validateLoginDataUsingExcel" time="0.001"/>
  <system-out/>
  <testcase classname="testcases.DataProviderDemo" name="login" time="0.001"/>
  <system-out/>
</testsuite> <!-- testcases.DataProviderDemo -->
