<?xml version="1.0" encoding="UTF-8"?>
<!-- Generated by org.testng.reporters.JUnitReportReporter -->
<testsuite hostname="DESKTOP-VRBAL0D" failures="0" tests="3" name="testcases.GroupsDemo" time="0.006" errors="0" timestamp="2023-04-29T16:25:29 IST" skipped="0">
  <testcase classname="testcases.GroupsDemo" name="createUser" time="0.002"/>
  <system-out/>
  <testcase classname="testcases.GroupsDemo" name="login" time="0.003"/>
  <system-out/>
  <testcase classname="testcases.GroupsDemo" name="sendNotifications" time="0.001"/>
  <system-out/>
</testsuite> <!-- testcases.GroupsDemo -->
