<?xml version="1.0" encoding="UTF-8"?>
<!-- Generated by org.testng.reporters.JUnitReportReporter -->
<testsuite hostname="DESKTOP-VRBAL0D" failures="0" tests="1" name="testcases.NewTest" time="0.001" errors="0" timestamp="2023-04-29T15:47:08 IST" skipped="0">
  <testcase classname="testcases.NewTest" name="f" time="0.001"/>
  <system-out/>
</testsuite> <!-- testcases.NewTest -->
