<?xml version="1.0" encoding="UTF-8"?>
<!-- Generated by org.testng.reporters.JUnitReportReporter -->
<testsuite hostname="DESKTOP-VRBAL0D" failures="0" tests="5" name="testcases.PriorityDemo" time="0.006" errors="0" timestamp="2023-04-29T16:25:29 IST" skipped="0">
  <testcase classname="testcases.PriorityDemo" name="Aple" time="0.001"/>
  <system-out/>
  <testcase classname="testcases.PriorityDemo" name="apple" time="0.002"/>
  <system-out/>
  <testcase classname="testcases.PriorityDemo" name="blueberry" time="0.002"/>
  <system-out/>
  <testcase classname="testcases.PriorityDemo" name="chickoo" time="0.000"/>
  <system-out/>
  <testcase classname="testcases.PriorityDemo" name="zebra" time="0.001"/>
  <system-out/>
</testsuite> <!-- testcases.PriorityDemo -->
